Throughputs:
0: 4305
1: 5039
2: 5099
3: 5035
4: 5008
Latencies:
latency 4: 3.965268

idle times:
Idleness of node: 0
Worker THD 0: 49.3084
Worker THD 1: 7.75946
Worker THD 2: 7.49520
Worker THD 3: 0.00000
Worker THD 4: 0.00000
Worker THD 5: 49.0295
Idleness of node: 1
Worker THD 0: 0.00000
Worker THD 1: 0.00000
Worker THD 2: 0.00000
Worker THD 3: 0.00000
Worker THD 4: 23.1460
Worker THD 5: 0.00000
Idleness of node: 2
Worker THD 0: 1.66329
Worker THD 1: 0.00000
Worker THD 2: 0.00000
Worker THD 3: 0.00000
Worker THD 4: 23.3485
Worker THD 5: 0.00000
Idleness of node: 3
Worker THD 0: 0.32126
Worker THD 1: 0.00000
Worker THD 2: 0.00000
Worker THD 3: 0.00000
Worker THD 4: 22.9389
Worker THD 5: 0.00000
Memory:
0: 0 MB
1: 0 MB
2: 0 MB
3: 0 MB
4: 17 MB

avg thp: 4: 4869
avg lt : 1: 3.965
